<?xml version="1.0" encoding="UTF-8"?>
<!-- Generated by org.testng.reporters.JUnitXMLReporter -->
<testsuite hostname="DESKTOP-UA08CSQ" ignored="0" name="Test" tests="3" failures="0" timestamp="06 Jan 2022 14:51:45 GMT" time="20.84" errors="0">
  <testcase name="chromelaunch" time="5.439" classname="org.frametestng.ClassA"/>
  <testcase name="edgebrowserlaunch" time="5.479" classname="org.frametestng.ClassB"/>
  <testcase name="Firefoxbrowser" time="9.872" classname="org.frametestng.ClassC"/>
</testsuite> <!-- Test -->
